[38;5;112m[Appium][0m Welcome to Appium v2.17.1
[38;5;112m[Appium][0m Non-default server args:
[38;5;112m[Appium][0m { basePath: [32m'/wd/hub'[39m, loglevel: [32m'info'[39m, port: [33m64844[39m }
[38;5;112m[Appium][0m Attempting to load driver xcuitest...
[38;5;112m[Appium][0m Attempting to load driver uiautomator2...
[38;5;112m[Appium][0m Appium REST http interface listener started on http://0.0.0.0:64844/wd/hub
[38;5;112m[Appium][0m You can provide the following URLs in your client code to connect to this server:
	http://127.0.0.1:64844/wd/hub (only accessible from the same host)
	http://192.168.1.9:64844/wd/hub
	http://169.254.103.36:64844/wd/hub
[38;5;112m[Appium][0m Available drivers:
[38;5;112m[Appium][0m   - xcuitest@7.35.0 (automationName 'XCUITest')
[38;5;112m[Appium][0m   - uiautomator2@3.10.0 (automationName 'UiAutomator2')
[38;5;112m[Appium][0m No plugins have been installed. Use the "appium plugin" command to install the one(s) you want to use.
[38;5;86m[HTTP][0m [37m-->[39m [37mGET[39m [37m/wd/hub/status[39m {}
[38;5;86m[HTTP][0m <-- GET /wd/hub/status 200 3 ms - 111 
[38;5;86m[HTTP][0m [37m-->[39m [37mGET[39m [37m/wd/hub/status[39m {}
[38;5;86m[HTTP][0m <-- GET /wd/hub/status 200 1 ms - 111 
[38;5;86m[HTTP][0m [37m-->[39m [37mPOST[39m [37m/wd/hub/session[39m {"capabilities":{"firstMatch":[{"appium:automationName":"XCUITest","appium:bundleId":"com.mobilink.jazzcash","appium:deviceName":"V-T-IP003","appium:newCommandTimeout":1800,"appium:platformVersion":"16.5.1","appium:udid":"00008120-0009385E1A38201E","appium:waitForAppScript":"true;","appium:wdaLocalPort":64856,"platformName":"IOS"}]},"desiredCapabilities":{"appium:automationName":"XCUITest","appium:bundleId":"com.mobilink.jazzcash","appium:deviceName":"V-T-IP003","appium:newCommandTimeout":1800,"appium:platformVersion":"16.5.1","appium:udid":"00008120-0009385E1A38201E","appium:waitForAppScript":"true;","appium:wdaLocalPort":64856}}
[38;5;112m[Appium][0m Attempting to find matching driver for automationName 'XCUITest' and platformName 'IOS'
[38;5;112m[Appium][0m The 'xcuitest' driver was installed and matched caps.
[38;5;112m[Appium][0m Will require it at /Users/thanh.pnguyen/.appium/node_modules/appium-xcuitest-driver
[38;5;61m[AppiumDriver@2b1b][0m Appium v2.17.1 creating new XCUITestDriver (v7.35.0) session
[38;5;61m[AppiumDriver@2b1b][0m Checking BaseDriver versions for Appium and XCUITestDriver
[38;5;61m[AppiumDriver@2b1b][0m Appium's BaseDriver version is 9.16.4
[38;5;61m[AppiumDriver@2b1b][0m XCUITestDriver's BaseDriver version is 9.16.4
[38;5;165m[XCUITestDriver@c4ad][0m The following provided capabilities were not recognized by this driver:
[38;5;165m[XCUITestDriver@c4ad][0m   waitForAppScript
[38;5;135m[2361860e][0m[38;5;165m[XCUITestDriver@c4ad][0m Session created with session id: 2361860e-d9af-410b-b3e4-35620f97c256
[38;5;135m[2361860e][0m[38;5;165m[XCUITestDriver@c4ad][0m Determining device to run tests on: udid: '00008120-0009385E1A38201E', real device: true
[38;5;135m[2361860e][0m[38;5;165m[XCUITestDriver@c4ad][0m Normalized platformVersion capability value '16.5.1' to '16.5'
[38;5;135m[2361860e][0m[38;5;165m[XCUITestDriver@c4ad][0m Using WDA path: '/Users/thanh.pnguyen/.appium/node_modules/appium-xcuitest-driver/node_modules/appium-webdriveragent'
[38;5;135m[2361860e][0m[38;5;165m[XCUITestDriver@c4ad][0m Using WDA agent: '/Users/thanh.pnguyen/.appium/node_modules/appium-xcuitest-driver/node_modules/appium-webdriveragent/WebDriverAgent.xcodeproj'
[38;5;135m[2361860e][0m[38;5;165m[XCUITestDriver@c4ad][0m The pyidevice tool is not present in PATH. Skipping crash logs collection for real devices.
[38;5;135m[2361860e][0m[38;5;165m[XCUITestDriver@c4ad][0m Setting up real device
[38;5;135m[2361860e][0m[38;5;23m[DevCon Factory][0m Requesting connection for device 00008120-0009385E1A38201E on local port 64856, device port 64856
[38;5;135m[2361860e][0m[38;5;23m[DevCon Factory][0m Successfully requested the connection for 00008120-0009385E1A38201E:64856
[38;5;135m[2361860e][0m[38;5;151m[WD Proxy][0m socket hang up
[38;5;135m[2361860e][0m[38;5;165m[XCUITestDriver@c4ad][0m Launching WebDriverAgent on the device
[38;5;135m[2361860e][0m[38;5;165m[XCUITestDriver@c4ad][0m There is no need to perform the project cleanup. A fresh install has been detected
[38;5;135m[2361860e][0m[38;5;165m[XCUITestDriver@c4ad][0m socket hang up
[38;5;135m[2361860e][0m[38;5;165m[XCUITestDriver@c4ad][0m socket hang up
[38;5;135m[2361860e][0m[38;5;165m[XCUITestDriver@c4ad][0m socket hang up
[38;5;135m[2361860e][0m[38;5;165m[XCUITestDriver@c4ad][0m socket hang up
[38;5;135m[2361860e][0m[38;5;165m[XCUITestDriver@c4ad][0m socket hang up
[38;5;135m[2361860e][0m[38;5;165m[XCUITestDriver@c4ad][0m socket hang up
[38;5;135m[2361860e][0m[38;5;165m[XCUITestDriver@c4ad][0m socket hang up
[38;5;135m[2361860e][0m[38;5;165m[XCUITestDriver@c4ad][0m socket hang up
[38;5;135m[2361860e][0m[38;5;165m[XCUITestDriver@c4ad][0m socket hang up
[38;5;135m[2361860e][0m[38;5;165m[XCUITestDriver@c4ad][0m Determined the downstream protocol as 'W3C'
[38;5;135m[2361860e][0m[38;5;165m[XCUITestDriver@c4ad][0m WDA session startup took 2359ms
[38;5;135m[2361860e][0m[38;5;61m[AppiumDriver@2b1b][0m New XCUITestDriver session created successfully, session 2361860e-d9af-410b-b3e4-35620f97c256 added to master session list
[38;5;135m[2361860e][0m[38;5;86m[HTTP][0m <-- POST /wd/hub/session 200 13087 ms - 517 
[38;5;86m[HTTP][0m [37m-->[39m [37mGET[39m [37m/wd/hub/status[39m {}
[38;5;86m[HTTP][0m <-- GET /wd/hub/status 200 1 ms - 111 
[38;5;135m[2361860e][0m[38;5;86m[HTTP][0m [37m-->[39m [37mPOST[39m [37m/wd/hub/session/2361860e-d9af-410b-b3e4-35620f97c256/timeouts[39m {"implicit":60000}
[38;5;135m[2361860e][0m[38;5;86m[HTTP][0m <-- POST /wd/hub/session/2361860e-d9af-410b-b3e4-35620f97c256/timeouts 200 3 ms - 14 
[38;5;135m[2361860e][0m[38;5;86m[HTTP][0m [37m-->[39m [37mPOST[39m [37m/wd/hub/session/2361860e-d9af-410b-b3e4-35620f97c256/appium/settings[39m {"settings":{"respectSystemAlerts":true}}
[38;5;135m[2361860e][0m[38;5;86m[HTTP][0m <-- POST /wd/hub/session/2361860e-d9af-410b-b3e4-35620f97c256/appium/settings 200 19 ms - 14 
[38;5;135m[2361860e][0m[38;5;86m[HTTP][0m [37m-->[39m [37mPOST[39m [37m/wd/hub/session/2361860e-d9af-410b-b3e4-35620f97c256/execute/sync[39m {"script":"mobile: deviceScreenInfo","args":[]}
[38;5;135m[2361860e][0m[38;5;86m[HTTP][0m <-- POST /wd/hub/session/2361860e-d9af-410b-b3e4-35620f97c256/execute/sync 200 258 ms - 103 
[38;5;135m[2361860e][0m[38;5;86m[HTTP][0m [37m-->[39m [37mPOST[39m [37m/wd/hub/session/2361860e-d9af-410b-b3e4-35620f97c256/execute/sync[39m {"script":"mobile: deviceScreenInfo","args":[]}
[38;5;135m[2361860e][0m[38;5;86m[HTTP][0m <-- POST /wd/hub/session/2361860e-d9af-410b-b3e4-35620f97c256/execute/sync 200 1 ms - 103 
[38;5;135m[2361860e][0m[38;5;86m[HTTP][0m [37m-->[39m [37mPOST[39m [37m/wd/hub/session/2361860e-d9af-410b-b3e4-35620f97c256/execute/sync[39m {"script":"mobile: activateApp","args":[{"appId":"com.mobilink.jazzcash","bundleId":"com.mobilink.jazzcash"}]}
[38;5;135m[2361860e][0m[38;5;123m[BaseDriver][0m The following script arguments are not known and will be ignored: appId
[38;5;135m[2361860e][0m[38;5;86m[HTTP][0m <-- POST /wd/hub/session/2361860e-d9af-410b-b3e4-35620f97c256/execute/sync 200 405 ms - 14 
[38;5;135m[2361860e][0m[38;5;86m[HTTP][0m [37m-->[39m [37mPOST[39m [37m/wd/hub/session/2361860e-d9af-410b-b3e4-35620f97c256/execute/sync[39m {"script":"mobile: source","args":[{"format":"xml","excludedAttributes":"visible"}]}
[38;5;135m[2361860e][0m[38;5;86m[HTTP][0m <-- POST /wd/hub/session/2361860e-d9af-410b-b3e4-35620f97c256/execute/sync 200 1365 ms - 23806 
[38;5;135m[2361860e][0m[38;5;86m[HTTP][0m [37m-->[39m [37mGET[39m [37m/wd/hub/session/2361860e-d9af-410b-b3e4-35620f97c256/screenshot[39m {}
[38;5;135m[2361860e][0m[38;5;86m[HTTP][0m <-- GET /wd/hub/session/2361860e-d9af-410b-b3e4-35620f97c256/screenshot 200 262 ms - 2042120 
[38;5;135m[2361860e][0m[38;5;86m[HTTP][0m [37m-->[39m [37mDELETE[39m [37m/wd/hub/session/2361860e-d9af-410b-b3e4-35620f97c256[39m {}
[38;5;135m[2361860e][0m[38;5;61m[AppiumDriver@2b1b][0m Removing session 2361860e-d9af-410b-b3e4-35620f97c256 from our master session list
[38;5;135m[2361860e][0m[38;5;23m[DevCon Factory][0m Releasing connections for 00008120-0009385E1A38201E device on any port number
[38;5;135m[2361860e][0m[38;5;23m[DevCon Factory][0m Found cached connections to release: ["00008120-0009385E1A38201E:64856"]
[38;5;135m[2361860e][0m[38;5;23m[DevCon Factory][0m Releasing the listener for '00008120-0009385E1A38201E:64856'
[38;5;135m[2361860e][0m[38;5;86m[HTTP][0m <-- DELETE /wd/hub/session/2361860e-d9af-410b-b3e4-35620f97c256 200 1065 ms - 14 
[38;5;112m[Appium][0m Received SIGTERM - shutting down
[38;5;86m[HTTP][0m Closing Appium HTTP server
[38;5;86m[HTTP][0m Appium HTTP server has been succesfully closed after 0ms
