[35m[Logcat][39m Logcat terminated with code 0, signal null
[35m[Appium][39m Had trouble ending session 190be5cc-46e3-4bdd-9e53-a10e4de36610: Could not find a connected Android device in 20049ms.
uncaughtException: Could not find a connected Android device in 20120ms.
Error: Could not find a connected Android device in 20120ms.
    at getDevices (/usr/local/lib/node_modules/appium/node_modules/appium-adb/lib/tools/system-calls.js:266:13)
    at getDevices (/usr/local/lib/node_modules/appium/node_modules/appium-adb/lib/tools/system-calls.js:283:18)
    at getDevices (/usr/local/lib/node_modules/appium/node_modules/appium-adb/lib/tools/system-calls.js:283:12)
    at getDevices (/usr/local/lib/node_modules/appium/node_modules/appium-adb/lib/tools/system-calls.js:283:12)
    at getDevices (/usr/local/lib/node_modules/appium/node_modules/appium-adb/lib/tools/system-calls.js:283:12)
    at getDevices (/usr/local/lib/node_modules/appium/node_modules/appium-adb/lib/tools/system-calls.js:283:12)
    at getDevices (/usr/local/lib/node_modules/appium/node_modules/appium-adb/lib/tools/system-calls.js:283:12)
    at getDevices (/usr/local/lib/node_modules/appium/node_modules/appium-adb/lib/tools/system-calls.js:283:12)
    at getDevices (/usr/local/lib/node_modules/appium/node_modules/appium-adb/lib/tools/system-calls.js:283:12)
    at getDevices (/usr/local/lib/node_modules/appium/node_modules/appium-adb/lib/tools/system-calls.js:283:12)
    at getDevices (/usr/local/lib/node_modules/appium/node_modules/appium-adb/lib/tools/system-calls.js:283:12)
    at getDevices (/usr/local/lib/node_modules/appium/node_modules/appium-adb/lib/tools/system-calls.js:283:12)
    at getDevices (/usr/local/lib/node_modules/appium/node_modules/appium-adb/lib/tools/system-calls.js:283:12)
    at getDevices (/usr/local/lib/node_modules/appium/node_modules/appium-adb/lib/tools/system-calls.js:283:12)
    at getDevices (/usr/local/lib/node_modules/appium/node_modules/appium-adb/lib/tools/system-calls.js:283:12)
    at getDevices (/usr/local/lib/node_modules/appium/node_modules/appium-adb/lib/tools/system-calls.js:283:12)
